C:\_MyProjects\_.NET Core Angular\Projects\LiberacaoCredito\src\WebAPI\AngularApp\ngApp\dist\out-tsc\e2e\src\app.po.js
C:\_MyProjects\_.NET Core Angular\Projects\LiberacaoCredito\src\WebAPI\AngularApp\ngApp\dist\out-tsc\e2e\src\app.po.js.map
C:\_MyProjects\_.NET Core Angular\Projects\LiberacaoCredito\src\WebAPI\AngularApp\ngApp\dist\out-tsc\e2e\src\app.e2e-spec.js
C:\_MyProjects\_.NET Core Angular\Projects\LiberacaoCredito\src\WebAPI\AngularApp\ngApp\dist\out-tsc\e2e\src\app.e2e-spec.js.map
C:\_MyProjects\_.NET Core Angular\Projects\LiberacaoCredito\src\WebAPI\AngularApp\ngApp\dist\out-tsc\src\environments\environment.js
C:\_MyProjects\_.NET Core Angular\Projects\LiberacaoCredito\src\WebAPI\AngularApp\ngApp\dist\out-tsc\src\environments\environment.js.map
C:\_MyProjects\_.NET Core Angular\Projects\LiberacaoCredito\src\WebAPI\AngularApp\ngApp\dist\out-tsc\src\app\shared\models\result-info.model.js
C:\_MyProjects\_.NET Core Angular\Projects\LiberacaoCredito\src\WebAPI\AngularApp\ngApp\dist\out-tsc\src\app\shared\models\result-info.model.js.map
C:\_MyProjects\_.NET Core Angular\Projects\LiberacaoCredito\src\WebAPI\AngularApp\ngApp\dist\out-tsc\src\app\shared\models\credito.model.js
C:\_MyProjects\_.NET Core Angular\Projects\LiberacaoCredito\src\WebAPI\AngularApp\ngApp\dist\out-tsc\src\app\shared\models\credito.model.js.map
C:\_MyProjects\_.NET Core Angular\Projects\LiberacaoCredito\src\WebAPI\AngularApp\ngApp\dist\out-tsc\src\app\credito\credito.service.js
C:\_MyProjects\_.NET Core Angular\Projects\LiberacaoCredito\src\WebAPI\AngularApp\ngApp\dist\out-tsc\src\app\credito\credito.service.js.map
C:\_MyProjects\_.NET Core Angular\Projects\LiberacaoCredito\src\WebAPI\AngularApp\ngApp\dist\out-tsc\src\app\home\home.component.js
C:\_MyProjects\_.NET Core Angular\Projects\LiberacaoCredito\src\WebAPI\AngularApp\ngApp\dist\out-tsc\src\app\home\home.component.js.map
C:\_MyProjects\_.NET Core Angular\Projects\LiberacaoCredito\src\WebAPI\AngularApp\ngApp\dist\out-tsc\src\app\shared\utils\utils.js
C:\_MyProjects\_.NET Core Angular\Projects\LiberacaoCredito\src\WebAPI\AngularApp\ngApp\dist\out-tsc\src\app\shared\utils\utils.js.map
C:\_MyProjects\_.NET Core Angular\Projects\LiberacaoCredito\src\WebAPI\AngularApp\ngApp\dist\out-tsc\src\app\shared\utils\mask-inputs-utils.js
C:\_MyProjects\_.NET Core Angular\Projects\LiberacaoCredito\src\WebAPI\AngularApp\ngApp\dist\out-tsc\src\app\shared\utils\mask-inputs-utils.js.map
C:\_MyProjects\_.NET Core Angular\Projects\LiberacaoCredito\src\WebAPI\AngularApp\ngApp\dist\out-tsc\src\app\shared\utils\unmask-inputs-utils.js
C:\_MyProjects\_.NET Core Angular\Projects\LiberacaoCredito\src\WebAPI\AngularApp\ngApp\dist\out-tsc\src\app\shared\utils\unmask-inputs-utils.js.map
C:\_MyProjects\_.NET Core Angular\Projects\LiberacaoCredito\src\WebAPI\AngularApp\ngApp\dist\out-tsc\src\app\credito\solicitacao-credito\solicitacao-credito.component.js
C:\_MyProjects\_.NET Core Angular\Projects\LiberacaoCredito\src\WebAPI\AngularApp\ngApp\dist\out-tsc\src\app\credito\solicitacao-credito\solicitacao-credito.component.js.map
C:\_MyProjects\_.NET Core Angular\Projects\LiberacaoCredito\src\WebAPI\AngularApp\ngApp\dist\out-tsc\src\app\app-routing.module.js
C:\_MyProjects\_.NET Core Angular\Projects\LiberacaoCredito\src\WebAPI\AngularApp\ngApp\dist\out-tsc\src\app\app-routing.module.js.map
C:\_MyProjects\_.NET Core Angular\Projects\LiberacaoCredito\src\WebAPI\AngularApp\ngApp\dist\out-tsc\src\app\app.component.js
C:\_MyProjects\_.NET Core Angular\Projects\LiberacaoCredito\src\WebAPI\AngularApp\ngApp\dist\out-tsc\src\app\app.component.js.map
C:\_MyProjects\_.NET Core Angular\Projects\LiberacaoCredito\src\WebAPI\AngularApp\ngApp\dist\out-tsc\src\app\nav-menu\nav-menu.component.js
C:\_MyProjects\_.NET Core Angular\Projects\LiberacaoCredito\src\WebAPI\AngularApp\ngApp\dist\out-tsc\src\app\nav-menu\nav-menu.component.js.map
C:\_MyProjects\_.NET Core Angular\Projects\LiberacaoCredito\src\WebAPI\AngularApp\ngApp\dist\out-tsc\src\app\footer\footer.component.js
C:\_MyProjects\_.NET Core Angular\Projects\LiberacaoCredito\src\WebAPI\AngularApp\ngApp\dist\out-tsc\src\app\footer\footer.component.js.map
C:\_MyProjects\_.NET Core Angular\Projects\LiberacaoCredito\src\WebAPI\AngularApp\ngApp\dist\out-tsc\src\app\app.module.js
C:\_MyProjects\_.NET Core Angular\Projects\LiberacaoCredito\src\WebAPI\AngularApp\ngApp\dist\out-tsc\src\app\app.module.js.map
C:\_MyProjects\_.NET Core Angular\Projects\LiberacaoCredito\src\WebAPI\AngularApp\ngApp\dist\out-tsc\src\main.js
C:\_MyProjects\_.NET Core Angular\Projects\LiberacaoCredito\src\WebAPI\AngularApp\ngApp\dist\out-tsc\src\main.js.map
C:\_MyProjects\_.NET Core Angular\Projects\LiberacaoCredito\src\WebAPI\AngularApp\ngApp\dist\out-tsc\src\polyfills.js
C:\_MyProjects\_.NET Core Angular\Projects\LiberacaoCredito\src\WebAPI\AngularApp\ngApp\dist\out-tsc\src\polyfills.js.map
C:\_MyProjects\_.NET Core Angular\Projects\LiberacaoCredito\src\WebAPI\AngularApp\ngApp\dist\out-tsc\src\test.js
C:\_MyProjects\_.NET Core Angular\Projects\LiberacaoCredito\src\WebAPI\AngularApp\ngApp\dist\out-tsc\src\test.js.map
C:\_MyProjects\_.NET Core Angular\Projects\LiberacaoCredito\src\WebAPI\AngularApp\ngApp\dist\out-tsc\src\app\app.component.spec.js
C:\_MyProjects\_.NET Core Angular\Projects\LiberacaoCredito\src\WebAPI\AngularApp\ngApp\dist\out-tsc\src\app\app.component.spec.js.map
C:\_MyProjects\_.NET Core Angular\Projects\LiberacaoCredito\src\WebAPI\AngularApp\ngApp\dist\out-tsc\src\app\credito\credito.service.spec.js
C:\_MyProjects\_.NET Core Angular\Projects\LiberacaoCredito\src\WebAPI\AngularApp\ngApp\dist\out-tsc\src\app\credito\credito.service.spec.js.map
C:\_MyProjects\_.NET Core Angular\Projects\LiberacaoCredito\src\WebAPI\AngularApp\ngApp\dist\out-tsc\src\app\credito\solicitacao-credito\solicitacao-credito.component.spec.js
C:\_MyProjects\_.NET Core Angular\Projects\LiberacaoCredito\src\WebAPI\AngularApp\ngApp\dist\out-tsc\src\app\credito\solicitacao-credito\solicitacao-credito.component.spec.js.map
C:\_MyProjects\_.NET Core Angular\Projects\LiberacaoCredito\src\WebAPI\AngularApp\ngApp\dist\out-tsc\src\app\footer\footer.component.spec.js
C:\_MyProjects\_.NET Core Angular\Projects\LiberacaoCredito\src\WebAPI\AngularApp\ngApp\dist\out-tsc\src\app\footer\footer.component.spec.js.map
C:\_MyProjects\_.NET Core Angular\Projects\LiberacaoCredito\src\WebAPI\AngularApp\ngApp\dist\out-tsc\src\app\home\home.component.spec.js
C:\_MyProjects\_.NET Core Angular\Projects\LiberacaoCredito\src\WebAPI\AngularApp\ngApp\dist\out-tsc\src\app\home\home.component.spec.js.map
C:\_MyProjects\_.NET Core Angular\Projects\LiberacaoCredito\src\WebAPI\AngularApp\ngApp\dist\out-tsc\src\app\nav-menu\nav-menu.component.spec.js
C:\_MyProjects\_.NET Core Angular\Projects\LiberacaoCredito\src\WebAPI\AngularApp\ngApp\dist\out-tsc\src\app\nav-menu\nav-menu.component.spec.js.map
C:\_MyProjects\_.NET Core Angular\Projects\LiberacaoCredito\src\WebAPI\AngularApp\ngApp\dist\out-tsc\src\environments\environment.prod.js
C:\_MyProjects\_.NET Core Angular\Projects\LiberacaoCredito\src\WebAPI\AngularApp\ngApp\dist\out-tsc\src\environments\environment.prod.js.map
